<?xml version="1.0" encoding="UTF-8"?>
<testsuite name="tourGuide.serviceTest.TestTourGuideService" tests="15" skipped="0" failures="0" errors="0" timestamp="2022-06-14T12:43:08" hostname="DESKTOP-AR04L1G" time="32.896">
  <properties/>
  <testcase name="updateUserTest_whenNumberOfAdultsNull_shouldReturnUserNameNotFoundException" classname="tourGuide.serviceTest.TestTourGuideService" time="0.114"/>
  <testcase name="getUserRewardsTest" classname="tourGuide.serviceTest.TestTourGuideService" time="15.019"/>
  <testcase name="updateUserTest_whenTicketQuantityNull_shouldReturnUserNameNotFoundException" classname="tourGuide.serviceTest.TestTourGuideService" time="0.003"/>
  <testcase name="updateUserTest_whenTripDurationNull_shouldReturnUserNameNotFoundException" classname="tourGuide.serviceTest.TestTourGuideService" time="0.001"/>
  <testcase name="addUserTest" classname="tourGuide.serviceTest.TestTourGuideService" time="0.001"/>
  <testcase name="getAllUsersTest" classname="tourGuide.serviceTest.TestTourGuideService" time="0.001"/>
  <testcase name="getNearByAttractionsTest" classname="tourGuide.serviceTest.TestTourGuideService" time="2.476"/>
  <testcase name="getAllCurrentLocationsTest" classname="tourGuide.serviceTest.TestTourGuideService" time="5.16"/>
  <testcase name="updateUserTest_whenUserDoesNotExist_shouldReturnUserNameNotFoundException" classname="tourGuide.serviceTest.TestTourGuideService" time="0.002"/>
  <testcase name="trackUserLocationTest" classname="tourGuide.serviceTest.TestTourGuideService" time="5.008"/>
  <testcase name="updateUserTest" classname="tourGuide.serviceTest.TestTourGuideService" time="0.002"/>
  <testcase name="getUserTest_WhenUserDoesNotExist_ShouldRerurnUserNameNotFoundException" classname="tourGuide.serviceTest.TestTourGuideService" time="0.001"/>
  <testcase name="getTripDealsTest" classname="tourGuide.serviceTest.TestTourGuideService" time="0.03"/>
  <testcase name="getUserTest" classname="tourGuide.serviceTest.TestTourGuideService" time="0.002"/>
  <testcase name="getUserLocationTest" classname="tourGuide.serviceTest.TestTourGuideService" time="5.072"/>
  <system-out><![CDATA[14:43:08.883 [Test worker] INFO tourGuide.service.TourGuideService - TestMode enabled
14:43:08.883 [Test worker] DEBUG tourGuide.service.TourGuideService - Initializing users
14:43:08.883 [Test worker] DEBUG tourGuide.service.TourGuideService - Created 0 internal test users.
14:43:08.883 [Test worker] DEBUG tourGuide.service.TourGuideService - Finished initializing users
14:43:08.884 [pool-12-thread-1] INFO tourGuide.service.TourGuideService - Get list of all users
14:43:08.884 [pool-12-thread-1] DEBUG tourGuide.tracker.Tracker - Begin Tracker. Tracking 0 users.
14:43:08.884 [Test worker] INFO tourGuide.service.TourGuideService - Add a new user : jon
14:43:08.884 [pool-12-thread-1] DEBUG tourGuide.tracker.Tracker - Tracker Time Elapsed: 0 seconds.
14:43:08.885 [Test worker] INFO tourGuide.service.TourGuideService - Get user object of the username : jon
14:43:08.885 [pool-12-thread-1] DEBUG tourGuide.tracker.Tracker - Tracker sleeping
14:43:08.998 [Test worker] INFO tourGuide.service.TourGuideService - TestMode enabled
14:43:08.998 [Test worker] DEBUG tourGuide.service.TourGuideService - Initializing users
14:43:08.998 [Test worker] DEBUG tourGuide.service.TourGuideService - Created 0 internal test users.
14:43:08.998 [Test worker] DEBUG tourGuide.service.TourGuideService - Finished initializing users
14:43:08.999 [pool-15-thread-1] INFO tourGuide.service.TourGuideService - Get list of all users
14:43:08.999 [pool-15-thread-1] DEBUG tourGuide.tracker.Tracker - Begin Tracker. Tracking 0 users.
14:43:08.999 [pool-15-thread-1] DEBUG tourGuide.tracker.Tracker - Tracker Time Elapsed: 0 seconds.
14:43:08.999 [pool-15-thread-1] DEBUG tourGuide.tracker.Tracker - Tracker sleeping
14:43:24.018 [Test worker] INFO tourGuide.service.TourGuideService - TestMode enabled
14:43:24.018 [Test worker] DEBUG tourGuide.service.TourGuideService - Initializing users
14:43:24.019 [Test worker] DEBUG tourGuide.service.TourGuideService - Created 0 internal test users.
14:43:24.019 [Test worker] DEBUG tourGuide.service.TourGuideService - Finished initializing users
14:43:24.019 [Test worker] INFO tourGuide.service.TourGuideService - Add a new user : jon
14:43:24.019 [Test worker] INFO tourGuide.service.TourGuideService - Get user object of the username : jon
14:43:24.019 [pool-18-thread-1] INFO tourGuide.service.TourGuideService - Get list of all users
14:43:24.019 [pool-18-thread-1] DEBUG tourGuide.tracker.Tracker - Begin Tracker. Tracking 1 users.
14:43:24.020 [pool-18-thread-1] DEBUG tourGuide.tracker.Tracker - Tracker Time Elapsed: 0 seconds.
14:43:24.020 [Test worker] INFO tourGuide.service.TourGuideService - TestMode enabled
14:43:24.020 [pool-18-thread-1] DEBUG tourGuide.tracker.Tracker - Tracker sleeping
14:43:24.020 [Test worker] DEBUG tourGuide.service.TourGuideService - Initializing users
14:43:24.020 [Test worker] DEBUG tourGuide.service.TourGuideService - Created 0 internal test users.
14:43:24.020 [Test worker] DEBUG tourGuide.service.TourGuideService - Finished initializing users
14:43:24.020 [Test worker] INFO tourGuide.service.TourGuideService - Add a new user : jon
14:43:24.020 [Test worker] INFO tourGuide.service.TourGuideService - Get user object of the username : jon
14:43:24.020 [pool-21-thread-1] INFO tourGuide.service.TourGuideService - Get list of all users
14:43:24.020 [pool-21-thread-1] DEBUG tourGuide.tracker.Tracker - Begin Tracker. Tracking 1 users.
14:43:24.021 [Test worker] INFO tourGuide.service.TourGuideService - TestMode enabled
14:43:24.021 [pool-21-thread-1] DEBUG tourGuide.tracker.Tracker - Tracker Time Elapsed: 0 seconds.
14:43:24.021 [Test worker] DEBUG tourGuide.service.TourGuideService - Initializing users
14:43:24.021 [pool-21-thread-1] DEBUG tourGuide.tracker.Tracker - Tracker sleeping
14:43:24.021 [Test worker] DEBUG tourGuide.service.TourGuideService - Created 0 internal test users.
14:43:24.021 [Test worker] DEBUG tourGuide.service.TourGuideService - Finished initializing users
14:43:24.021 [pool-24-thread-1] INFO tourGuide.service.TourGuideService - Get list of all users
14:43:24.021 [Test worker] INFO tourGuide.service.TourGuideService - Add a new user : jon
14:43:24.021 [pool-24-thread-1] DEBUG tourGuide.tracker.Tracker - Begin Tracker. Tracking 0 users.
14:43:24.021 [Test worker] INFO tourGuide.service.TourGuideService - Add a new user : jon2
14:43:24.021 [pool-24-thread-1] DEBUG tourGuide.tracker.Tracker - Tracker Time Elapsed: 0 seconds.
14:43:24.021 [Test worker] INFO tourGuide.service.TourGuideService - Get user object of the username : jon
14:43:24.021 [pool-24-thread-1] DEBUG tourGuide.tracker.Tracker - Tracker sleeping
14:43:24.022 [Test worker] INFO tourGuide.service.TourGuideService - Get user object of the username : jon2
14:43:24.023 [Test worker] INFO tourGuide.service.TourGuideService - TestMode enabled
14:43:24.023 [Test worker] DEBUG tourGuide.service.TourGuideService - Initializing users
14:43:24.023 [Test worker] DEBUG tourGuide.service.TourGuideService - Created 0 internal test users.
14:43:24.023 [Test worker] DEBUG tourGuide.service.TourGuideService - Finished initializing users
14:43:24.023 [Test worker] INFO tourGuide.service.TourGuideService - Add a new user : jon
14:43:24.023 [pool-27-thread-1] INFO tourGuide.service.TourGuideService - Get list of all users
14:43:24.023 [pool-27-thread-1] DEBUG tourGuide.tracker.Tracker - Begin Tracker. Tracking 1 users.
14:43:24.023 [Test worker] INFO tourGuide.service.TourGuideService - Add a new user : jon2
14:43:24.023 [Test worker] INFO tourGuide.service.TourGuideService - Get list of all users
14:43:24.023 [pool-27-thread-1] DEBUG tourGuide.tracker.Tracker - Tracker Time Elapsed: 0 seconds.
14:43:24.023 [pool-27-thread-1] DEBUG tourGuide.tracker.Tracker - Tracker sleeping
14:43:24.023 [Test worker] INFO tourGuide.service.TourGuideService - TestMode enabled
14:43:24.024 [Test worker] DEBUG tourGuide.service.TourGuideService - Initializing users
14:43:24.024 [Test worker] DEBUG tourGuide.service.TourGuideService - Created 0 internal test users.
14:43:24.024 [Test worker] DEBUG tourGuide.service.TourGuideService - Finished initializing users
14:43:24.024 [pool-30-thread-1] INFO tourGuide.service.TourGuideService - Get list of all users
14:43:24.024 [Test worker] INFO tourGuide.service.TourGuideService - Get last visited location of the user : jon
14:43:24.024 [pool-30-thread-1] DEBUG tourGuide.tracker.Tracker - Begin Tracker. Tracking 0 users.
14:43:24.024 [pool-30-thread-1] DEBUG tourGuide.tracker.Tracker - Tracker Time Elapsed: 0 seconds.
14:43:24.024 [pool-30-thread-1] DEBUG tourGuide.tracker.Tracker - Tracker sleeping
7821.048082613013:Franklin Park Zoo
7969.368178645348:Bronx Zoo
7975.89706616693:Flatiron Building
8143.959745638063:Union Station
8268.108927048133:Fallingwater
14:43:26.501 [Test worker] INFO tourGuide.service.TourGuideService - TestMode enabled
14:43:26.501 [Test worker] DEBUG tourGuide.service.TourGuideService - Initializing users
14:43:26.501 [Test worker] DEBUG tourGuide.service.TourGuideService - Created 0 internal test users.
14:43:26.501 [Test worker] DEBUG tourGuide.service.TourGuideService - Finished initializing users
14:43:26.501 [pool-33-thread-1] INFO tourGuide.service.TourGuideService - Get list of all users
14:43:26.501 [pool-33-thread-1] DEBUG tourGuide.tracker.Tracker - Begin Tracker. Tracking 0 users.
14:43:26.501 [pool-33-thread-1] DEBUG tourGuide.tracker.Tracker - Tracker Time Elapsed: 0 seconds.
14:43:26.501 [pool-33-thread-1] DEBUG tourGuide.tracker.Tracker - Tracker sleeping
14:43:26.501 [Test worker] INFO tourGuide.service.TourGuideService - Add a new user : jon
14:43:26.502 [Test worker] INFO tourGuide.service.TourGuideService - Add a new user : jon2
14:43:26.502 [Test worker] INFO tourGuide.service.TourGuideService - Get list of all users
14:43:26.502 [Test worker] INFO tourGuide.service.TourGuideService - Get a list of every user's most recent location
14:43:26.502 [Test worker] INFO tourGuide.service.TourGuideService - Get list of all users
14:43:26.502 [Test worker] INFO tourGuide.service.TourGuideService - Get last visited location of the user : jon
14:43:26.602 [Test worker] INFO tourGuide.service.TourGuideService - Get last visited location of the user : jon2
14:43:31.660 [Test worker] INFO tourGuide.service.TourGuideService - TestMode enabled
14:43:31.660 [Test worker] DEBUG tourGuide.service.TourGuideService - Initializing users
14:43:31.660 [Test worker] DEBUG tourGuide.service.TourGuideService - Created 0 internal test users.
14:43:31.660 [Test worker] DEBUG tourGuide.service.TourGuideService - Finished initializing users
14:43:31.661 [pool-36-thread-1] INFO tourGuide.service.TourGuideService - Get list of all users
14:43:31.661 [Test worker] INFO tourGuide.service.TourGuideService - Add a new user : jon
14:43:31.661 [pool-36-thread-1] DEBUG tourGuide.tracker.Tracker - Begin Tracker. Tracking 0 users.
14:43:31.661 [Test worker] ERROR tourGuide.service.TourGuideService - The userName : toto, does not exist !
14:43:31.661 [pool-36-thread-1] DEBUG tourGuide.tracker.Tracker - Tracker Time Elapsed: 0 seconds.
14:43:31.661 [pool-36-thread-1] DEBUG tourGuide.tracker.Tracker - Tracker sleeping
14:43:31.662 [Test worker] INFO tourGuide.service.TourGuideService - TestMode enabled
14:43:31.662 [Test worker] DEBUG tourGuide.service.TourGuideService - Initializing users
14:43:31.662 [Test worker] DEBUG tourGuide.service.TourGuideService - Created 0 internal test users.
14:43:31.662 [Test worker] DEBUG tourGuide.service.TourGuideService - Finished initializing users
14:43:31.662 [pool-39-thread-1] INFO tourGuide.service.TourGuideService - Get list of all users
14:43:31.663 [pool-39-thread-1] DEBUG tourGuide.tracker.Tracker - Begin Tracker. Tracking 0 users.
14:43:31.663 [pool-39-thread-1] DEBUG tourGuide.tracker.Tracker - Tracker Time Elapsed: 0 seconds.
14:43:31.663 [pool-39-thread-1] DEBUG tourGuide.tracker.Tracker - Tracker sleeping
14:43:36.671 [Test worker] INFO tourGuide.service.TourGuideService - TestMode enabled
14:43:36.672 [Test worker] DEBUG tourGuide.service.TourGuideService - Initializing users
14:43:36.672 [Test worker] DEBUG tourGuide.service.TourGuideService - Created 0 internal test users.
14:43:36.672 [Test worker] DEBUG tourGuide.service.TourGuideService - Finished initializing users
14:43:36.672 [Test worker] INFO tourGuide.service.TourGuideService - Add a new user : jon
14:43:36.672 [pool-42-thread-1] INFO tourGuide.service.TourGuideService - Get list of all users
14:43:36.672 [Test worker] INFO tourGuide.service.TourGuideService - Get user object of the username : jon
14:43:36.673 [pool-42-thread-1] DEBUG tourGuide.tracker.Tracker - Begin Tracker. Tracking 1 users.
14:43:36.673 [pool-42-thread-1] DEBUG tourGuide.tracker.Tracker - Tracker Time Elapsed: 0 seconds.
14:43:36.673 [pool-42-thread-1] DEBUG tourGuide.tracker.Tracker - Tracker sleeping
14:43:36.673 [Test worker] INFO tourGuide.service.TourGuideService - TestMode enabled
14:43:36.673 [Test worker] DEBUG tourGuide.service.TourGuideService - Initializing users
14:43:36.673 [Test worker] DEBUG tourGuide.service.TourGuideService - Created 0 internal test users.
14:43:36.674 [Test worker] DEBUG tourGuide.service.TourGuideService - Finished initializing users
14:43:36.674 [pool-45-thread-1] INFO tourGuide.service.TourGuideService - Get list of all users
14:43:36.674 [pool-45-thread-1] DEBUG tourGuide.tracker.Tracker - Begin Tracker. Tracking 0 users.
14:43:36.674 [Test worker] ERROR tourGuide.service.TourGuideService - The userName : toto, does not exist !
14:43:36.674 [pool-45-thread-1] DEBUG tourGuide.tracker.Tracker - Tracker Time Elapsed: 0 seconds.
14:43:36.674 [pool-45-thread-1] DEBUG tourGuide.tracker.Tracker - Tracker sleeping
14:43:36.674 [Test worker] INFO tourGuide.service.TourGuideService - TestMode enabled
14:43:36.674 [Test worker] DEBUG tourGuide.service.TourGuideService - Initializing users
14:43:36.674 [Test worker] DEBUG tourGuide.service.TourGuideService - Created 0 internal test users.
14:43:36.674 [Test worker] DEBUG tourGuide.service.TourGuideService - Finished initializing users
14:43:36.674 [Test worker] INFO tourGuide.service.TourGuideService - Get trip deals of the user : jon
14:43:36.674 [pool-48-thread-1] INFO tourGuide.service.TourGuideService - Get list of all users
14:43:36.675 [pool-48-thread-1] DEBUG tourGuide.tracker.Tracker - Begin Tracker. Tracking 0 users.
14:43:36.676 [pool-48-thread-1] DEBUG tourGuide.tracker.Tracker - Tracker Time Elapsed: 0 seconds.
14:43:36.676 [pool-48-thread-1] DEBUG tourGuide.tracker.Tracker - Tracker sleeping
14:43:36.705 [Test worker] INFO tourGuide.service.TourGuideService - TestMode enabled
14:43:36.705 [Test worker] DEBUG tourGuide.service.TourGuideService - Initializing users
14:43:36.705 [Test worker] DEBUG tourGuide.service.TourGuideService - Created 0 internal test users.
14:43:36.705 [Test worker] DEBUG tourGuide.service.TourGuideService - Finished initializing users
14:43:36.706 [Test worker] INFO tourGuide.service.TourGuideService - Add a new user : jon
14:43:36.706 [pool-51-thread-1] INFO tourGuide.service.TourGuideService - Get list of all users
14:43:36.706 [pool-51-thread-1] DEBUG tourGuide.tracker.Tracker - Begin Tracker. Tracking 1 users.
14:43:36.706 [Test worker] INFO tourGuide.service.TourGuideService - Get user object of the username : jon
14:43:36.707 [pool-51-thread-1] DEBUG tourGuide.tracker.Tracker - Tracker Time Elapsed: 0 seconds.
14:43:36.707 [pool-51-thread-1] DEBUG tourGuide.tracker.Tracker - Tracker sleeping
14:43:36.707 [Test worker] INFO tourGuide.service.TourGuideService - TestMode enabled
14:43:36.707 [Test worker] DEBUG tourGuide.service.TourGuideService - Initializing users
14:43:36.707 [Test worker] DEBUG tourGuide.service.TourGuideService - Created 0 internal test users.
14:43:36.707 [Test worker] DEBUG tourGuide.service.TourGuideService - Finished initializing users
14:43:36.708 [pool-54-thread-1] INFO tourGuide.service.TourGuideService - Get list of all users
14:43:36.708 [Test worker] INFO tourGuide.service.TourGuideService - Get last visited location of the user : jon
14:43:36.708 [pool-54-thread-1] DEBUG tourGuide.tracker.Tracker - Begin Tracker. Tracking 0 users.
14:43:36.708 [pool-54-thread-1] DEBUG tourGuide.tracker.Tracker - Tracker Time Elapsed: 0 seconds.
14:43:36.708 [pool-54-thread-1] DEBUG tourGuide.tracker.Tracker - Tracker sleeping
]]></system-out>
  <system-err><![CDATA[]]></system-err>
</testsuite>
