<?xml version="1.0" encoding="UTF-8"?>
<testsuite name="tourGuide.TestPerformance" tests="2" skipped="0" failures="0" errors="0" timestamp="2022-05-30T17:51:34" hostname="DESKTOP-AR04L1G" time="1102.448">
  <properties/>
  <testcase name="highVolumeTrackLocation" classname="tourGuide.TestPerformance" time="801.516"/>
  <testcase name="highVolumeGetRewards" classname="tourGuide.TestPerformance" time="300.932"/>
  <system-out><![CDATA[19:51:34.162 [Test worker] INFO tourGuide.service.TourGuideService - TestMode enabled
19:51:34.162 [Test worker] DEBUG tourGuide.service.TourGuideService - Initializing users
19:51:34.911 [Test worker] DEBUG tourGuide.service.TourGuideService - Created 100000 internal test users.
19:51:34.912 [Test worker] DEBUG tourGuide.service.TourGuideService - Finished initializing users
19:51:34.912 [Test worker] INFO tourGuide.service.TourGuideService - Get list of all users
19:51:34.912 [pool-48-thread-1] INFO tourGuide.service.TourGuideService - Get list of all users
19:51:34.933 [pool-48-thread-1] DEBUG tourGuide.tracker.Tracker - Begin Tracker. Tracking 100000 users.
19:51:35.483 [pool-48-thread-1] DEBUG tourGuide.tracker.Tracker - Tracker Time Elapsed: 0 seconds.
19:51:35.484 [pool-48-thread-1] DEBUG tourGuide.tracker.Tracker - Tracker sleeping
19:55:55.875 [pool-3-thread-1] INFO tourGuide.service.TourGuideService - Get list of all users
19:55:55.876 [pool-3-thread-1] DEBUG tourGuide.tracker.Tracker - Begin Tracker. Tracking 1 users.
19:55:55.877 [pool-3-thread-1] DEBUG tourGuide.tracker.Tracker - Tracker Time Elapsed: 0 seconds.
19:55:55.878 [pool-3-thread-1] DEBUG tourGuide.tracker.Tracker - Tracker sleeping
19:55:56.263 [pool-6-thread-1] INFO tourGuide.service.TourGuideService - Get list of all users
19:55:56.269 [pool-6-thread-1] DEBUG tourGuide.tracker.Tracker - Begin Tracker. Tracking 0 users.
19:55:56.272 [pool-6-thread-1] DEBUG tourGuide.tracker.Tracker - Tracker Time Elapsed: 0 seconds.
19:55:56.273 [pool-6-thread-1] DEBUG tourGuide.tracker.Tracker - Tracker sleeping
19:56:11.289 [pool-9-thread-1] INFO tourGuide.service.TourGuideService - Get list of all users
19:56:11.289 [pool-12-thread-1] INFO tourGuide.service.TourGuideService - Get list of all users
19:56:11.289 [pool-9-thread-1] DEBUG tourGuide.tracker.Tracker - Begin Tracker. Tracking 1 users.
19:56:11.289 [pool-12-thread-1] DEBUG tourGuide.tracker.Tracker - Begin Tracker. Tracking 1 users.
19:56:11.289 [pool-9-thread-1] DEBUG tourGuide.tracker.Tracker - Tracker Time Elapsed: 0 seconds.
19:56:11.289 [pool-9-thread-1] DEBUG tourGuide.tracker.Tracker - Tracker sleeping
19:56:11.289 [pool-12-thread-1] DEBUG tourGuide.tracker.Tracker - Tracker Time Elapsed: 0 seconds.
19:56:11.289 [pool-12-thread-1] DEBUG tourGuide.tracker.Tracker - Tracker sleeping
19:56:24.047 [pool-27-thread-1] INFO tourGuide.service.TourGuideService - Get list of all users
19:56:24.048 [pool-27-thread-1] DEBUG tourGuide.tracker.Tracker - Begin Tracker. Tracking 1 users.
19:56:24.048 [pool-27-thread-1] DEBUG tourGuide.tracker.Tracker - Tracker Time Elapsed: 0 seconds.
19:56:24.048 [pool-27-thread-1] DEBUG tourGuide.tracker.Tracker - Tracker sleeping
19:56:29.060 [pool-33-thread-1] INFO tourGuide.service.TourGuideService - Get list of all users
19:56:29.060 [pool-33-thread-1] DEBUG tourGuide.tracker.Tracker - Begin Tracker. Tracking 1 users.
19:56:29.060 [pool-33-thread-1] DEBUG tourGuide.tracker.Tracker - Tracker Time Elapsed: 0 seconds.
19:56:29.060 [pool-33-thread-1] DEBUG tourGuide.tracker.Tracker - Tracker sleeping
19:56:35.485 [pool-48-thread-1] INFO tourGuide.service.TourGuideService - Get list of all users
19:56:35.492 [pool-48-thread-1] DEBUG tourGuide.tracker.Tracker - Begin Tracker. Tracking 100000 users.
19:56:35.521 [pool-48-thread-1] DEBUG tourGuide.tracker.Tracker - Tracker Time Elapsed: 0 seconds.
19:56:35.521 [pool-48-thread-1] DEBUG tourGuide.tracker.Tracker - Tracker sleeping
20:00:55.878 [pool-3-thread-1] INFO tourGuide.service.TourGuideService - Get list of all users
20:00:55.879 [pool-3-thread-1] DEBUG tourGuide.tracker.Tracker - Begin Tracker. Tracking 1 users.
20:00:55.881 [pool-3-thread-1] DEBUG tourGuide.tracker.Tracker - Tracker Time Elapsed: 0 seconds.
20:00:55.881 [pool-3-thread-1] DEBUG tourGuide.tracker.Tracker - Tracker sleeping
20:00:56.274 [pool-6-thread-1] INFO tourGuide.service.TourGuideService - Get list of all users
20:00:56.274 [pool-6-thread-1] DEBUG tourGuide.tracker.Tracker - Begin Tracker. Tracking 0 users.
20:00:56.274 [pool-6-thread-1] DEBUG tourGuide.tracker.Tracker - Tracker Time Elapsed: 0 seconds.
20:00:56.274 [pool-6-thread-1] DEBUG tourGuide.tracker.Tracker - Tracker sleeping
20:01:11.290 [pool-9-thread-1] INFO tourGuide.service.TourGuideService - Get list of all users
20:01:11.290 [pool-12-thread-1] INFO tourGuide.service.TourGuideService - Get list of all users
20:01:11.291 [pool-9-thread-1] DEBUG tourGuide.tracker.Tracker - Begin Tracker. Tracking 1 users.
20:01:11.291 [pool-12-thread-1] DEBUG tourGuide.tracker.Tracker - Begin Tracker. Tracking 1 users.
20:01:11.291 [pool-9-thread-1] DEBUG tourGuide.tracker.Tracker - Tracker Time Elapsed: 0 seconds.
20:01:11.291 [pool-9-thread-1] DEBUG tourGuide.tracker.Tracker - Tracker sleeping
20:01:11.291 [pool-12-thread-1] DEBUG tourGuide.tracker.Tracker - Tracker Time Elapsed: 0 seconds.
20:01:11.291 [pool-12-thread-1] DEBUG tourGuide.tracker.Tracker - Tracker sleeping
20:01:24.049 [pool-27-thread-1] INFO tourGuide.service.TourGuideService - Get list of all users
20:01:24.049 [pool-27-thread-1] DEBUG tourGuide.tracker.Tracker - Begin Tracker. Tracking 1 users.
20:01:24.049 [pool-27-thread-1] DEBUG tourGuide.tracker.Tracker - Tracker Time Elapsed: 0 seconds.
20:01:24.049 [pool-27-thread-1] DEBUG tourGuide.tracker.Tracker - Tracker sleeping
20:01:29.061 [pool-33-thread-1] INFO tourGuide.service.TourGuideService - Get list of all users
20:01:29.061 [pool-33-thread-1] DEBUG tourGuide.tracker.Tracker - Begin Tracker. Tracking 1 users.
20:01:29.061 [pool-33-thread-1] DEBUG tourGuide.tracker.Tracker - Tracker Time Elapsed: 0 seconds.
20:01:29.061 [pool-33-thread-1] DEBUG tourGuide.tracker.Tracker - Tracker sleeping
20:01:35.524 [pool-48-thread-1] INFO tourGuide.service.TourGuideService - Get list of all users
20:01:35.540 [pool-48-thread-1] DEBUG tourGuide.tracker.Tracker - Begin Tracker. Tracking 100000 users.
20:01:35.584 [pool-48-thread-1] DEBUG tourGuide.tracker.Tracker - Tracker Time Elapsed: 0 seconds.
20:01:35.586 [pool-48-thread-1] DEBUG tourGuide.tracker.Tracker - Tracker sleeping
highVolumeTrackLocation: Time Elapsed: 800 seconds.
20:04:55.677 [Test worker] INFO tourGuide.service.TourGuideService - TestMode enabled
20:04:55.678 [Test worker] DEBUG tourGuide.service.TourGuideService - Initializing users
20:04:56.152 [Test worker] DEBUG tourGuide.service.TourGuideService - Created 100000 internal test users.
20:04:56.152 [Test worker] DEBUG tourGuide.service.TourGuideService - Finished initializing users
20:04:56.153 [pool-51-thread-1] INFO tourGuide.service.TourGuideService - Get list of all users
20:04:56.172 [Test worker] INFO tourGuide.service.TourGuideService - Get list of all users
20:04:56.172 [pool-51-thread-1] DEBUG tourGuide.tracker.Tracker - Begin Tracker. Tracking 100000 users.
20:04:56.544 [pool-51-thread-1] DEBUG tourGuide.tracker.Tracker - Tracker Time Elapsed: 0 seconds.
20:04:56.544 [pool-51-thread-1] DEBUG tourGuide.tracker.Tracker - Tracker sleeping
20:05:55.881 [pool-3-thread-1] INFO tourGuide.service.TourGuideService - Get list of all users
20:05:55.881 [pool-3-thread-1] DEBUG tourGuide.tracker.Tracker - Begin Tracker. Tracking 1 users.
20:05:55.882 [pool-3-thread-1] DEBUG tourGuide.tracker.Tracker - Tracker Time Elapsed: 0 seconds.
20:05:55.882 [pool-3-thread-1] DEBUG tourGuide.tracker.Tracker - Tracker sleeping
20:05:56.275 [pool-6-thread-1] INFO tourGuide.service.TourGuideService - Get list of all users
20:05:56.276 [pool-6-thread-1] DEBUG tourGuide.tracker.Tracker - Begin Tracker. Tracking 0 users.
20:05:56.276 [pool-6-thread-1] DEBUG tourGuide.tracker.Tracker - Tracker Time Elapsed: 0 seconds.
20:05:56.276 [pool-6-thread-1] DEBUG tourGuide.tracker.Tracker - Tracker sleeping
20:06:11.291 [pool-9-thread-1] INFO tourGuide.service.TourGuideService - Get list of all users
20:06:11.291 [pool-12-thread-1] INFO tourGuide.service.TourGuideService - Get list of all users
20:06:11.291 [pool-9-thread-1] DEBUG tourGuide.tracker.Tracker - Begin Tracker. Tracking 1 users.
20:06:11.291 [pool-12-thread-1] DEBUG tourGuide.tracker.Tracker - Begin Tracker. Tracking 1 users.
20:06:11.291 [pool-9-thread-1] DEBUG tourGuide.tracker.Tracker - Tracker Time Elapsed: 0 seconds.
20:06:11.291 [pool-9-thread-1] DEBUG tourGuide.tracker.Tracker - Tracker sleeping
20:06:11.292 [pool-12-thread-1] DEBUG tourGuide.tracker.Tracker - Tracker Time Elapsed: 0 seconds.
20:06:11.292 [pool-12-thread-1] DEBUG tourGuide.tracker.Tracker - Tracker sleeping
20:06:24.051 [pool-27-thread-1] INFO tourGuide.service.TourGuideService - Get list of all users
20:06:24.051 [pool-27-thread-1] DEBUG tourGuide.tracker.Tracker - Begin Tracker. Tracking 1 users.
20:06:24.051 [pool-27-thread-1] DEBUG tourGuide.tracker.Tracker - Tracker Time Elapsed: 0 seconds.
20:06:24.052 [pool-27-thread-1] DEBUG tourGuide.tracker.Tracker - Tracker sleeping
20:06:29.063 [pool-33-thread-1] INFO tourGuide.service.TourGuideService - Get list of all users
20:06:29.063 [pool-33-thread-1] DEBUG tourGuide.tracker.Tracker - Begin Tracker. Tracking 1 users.
20:06:29.064 [pool-33-thread-1] DEBUG tourGuide.tracker.Tracker - Tracker Time Elapsed: 0 seconds.
20:06:29.064 [pool-33-thread-1] DEBUG tourGuide.tracker.Tracker - Tracker sleeping
20:09:56.546 [pool-51-thread-1] INFO tourGuide.service.TourGuideService - Get list of all users
20:09:56.555 [pool-51-thread-1] DEBUG tourGuide.tracker.Tracker - Begin Tracker. Tracking 100000 users.
20:09:56.577 [pool-51-thread-1] DEBUG tourGuide.tracker.Tracker - Tracker Time Elapsed: 0 seconds.
20:09:56.577 [pool-51-thread-1] DEBUG tourGuide.tracker.Tracker - Tracker sleeping
highVolumeGetRewards: Time Elapsed: 300 seconds.
]]></system-out>
  <system-err><![CDATA[]]></system-err>
</testsuite>
