<?xml version="1.0" encoding="UTF-8"?>
<testsuite name="tourGuide.serviceTest.TestTourGuideService" tests="15" skipped="0" failures="0" errors="0" timestamp="2022-06-14T11:20:20" hostname="DESKTOP-AR04L1G" time="39.391">
  <properties/>
  <testcase name="updateUserTest_whenNumberOfAdultsNull_shouldReturnUserNameNotFoundException" classname="tourGuide.serviceTest.TestTourGuideService" time="0.545"/>
  <testcase name="getUserRewardsTest" classname="tourGuide.serviceTest.TestTourGuideService" time="15.039"/>
  <testcase name="updateUserTest_whenTicketQuantityNull_shouldReturnUserNameNotFoundException" classname="tourGuide.serviceTest.TestTourGuideService" time="0.002"/>
  <testcase name="updateUserTest_whenTripDurationNull_shouldReturnUserNameNotFoundException" classname="tourGuide.serviceTest.TestTourGuideService" time="0.001"/>
  <testcase name="addUserTest" classname="tourGuide.serviceTest.TestTourGuideService" time="0.002"/>
  <testcase name="getAllUsersTest" classname="tourGuide.serviceTest.TestTourGuideService" time="0.001"/>
  <testcase name="getNearByAttractionsTest" classname="tourGuide.serviceTest.TestTourGuideService" time="8.581"/>
  <testcase name="getAllCurrentLocationsTest" classname="tourGuide.serviceTest.TestTourGuideService" time="5.133"/>
  <testcase name="updateUserTest_whenUserDoesNotExist_shouldReturnUserNameNotFoundException" classname="tourGuide.serviceTest.TestTourGuideService" time="0.002"/>
  <testcase name="trackUserLocationTest" classname="tourGuide.serviceTest.TestTourGuideService" time="5.013"/>
  <testcase name="updateUserTest" classname="tourGuide.serviceTest.TestTourGuideService" time="0.003"/>
  <testcase name="getUserTest_WhenUserDoesNotExist_ShouldRerurnUserNameNotFoundException" classname="tourGuide.serviceTest.TestTourGuideService" time="0.003"/>
  <testcase name="getTripDealsTest" classname="tourGuide.serviceTest.TestTourGuideService" time="0.028"/>
  <testcase name="getUserTest" classname="tourGuide.serviceTest.TestTourGuideService" time="0.002"/>
  <testcase name="getUserLocationTest" classname="tourGuide.serviceTest.TestTourGuideService" time="5.035"/>
  <system-out><![CDATA[13:20:21.198 [Test worker] INFO tourGuide.service.TourGuideService - TestMode enabled
13:20:21.204 [Test worker] DEBUG tourGuide.service.TourGuideService - Initializing users
13:20:21.205 [Test worker] DEBUG tourGuide.service.TourGuideService - Created 0 internal test users.
13:20:21.206 [Test worker] DEBUG tourGuide.service.TourGuideService - Finished initializing users
13:20:21.221 [pool-3-thread-1] INFO tourGuide.service.TourGuideService - Get list of all users
13:20:21.225 [pool-3-thread-1] DEBUG tourGuide.tracker.Tracker - Begin Tracker. Tracking 0 users.
13:20:21.227 [pool-3-thread-1] DEBUG tourGuide.tracker.Tracker - Tracker Time Elapsed: 0 seconds.
13:20:21.227 [pool-3-thread-1] DEBUG tourGuide.tracker.Tracker - Tracker sleeping
13:20:21.339 [Test worker] INFO tourGuide.service.TourGuideService - Add a new user : jon
13:20:21.339 [Test worker] INFO tourGuide.service.TourGuideService - Get user object of the username : jon
13:20:21.537 [Test worker] INFO tourGuide.service.TourGuideService - TestMode enabled
13:20:21.537 [Test worker] DEBUG tourGuide.service.TourGuideService - Initializing users
13:20:21.537 [Test worker] DEBUG tourGuide.service.TourGuideService - Created 0 internal test users.
13:20:21.537 [Test worker] DEBUG tourGuide.service.TourGuideService - Finished initializing users
13:20:21.546 [pool-6-thread-1] INFO tourGuide.service.TourGuideService - Get list of all users
13:20:21.547 [pool-6-thread-1] DEBUG tourGuide.tracker.Tracker - Begin Tracker. Tracking 0 users.
13:20:21.547 [pool-6-thread-1] DEBUG tourGuide.tracker.Tracker - Tracker Time Elapsed: 0 seconds.
13:20:21.547 [pool-6-thread-1] DEBUG tourGuide.tracker.Tracker - Tracker sleeping
13:20:36.576 [Test worker] INFO tourGuide.service.TourGuideService - TestMode enabled
13:20:36.576 [Test worker] DEBUG tourGuide.service.TourGuideService - Initializing users
13:20:36.576 [Test worker] DEBUG tourGuide.service.TourGuideService - Created 0 internal test users.
13:20:36.576 [Test worker] DEBUG tourGuide.service.TourGuideService - Finished initializing users
13:20:36.577 [pool-9-thread-1] INFO tourGuide.service.TourGuideService - Get list of all users
13:20:36.577 [Test worker] INFO tourGuide.service.TourGuideService - Add a new user : jon
13:20:36.577 [pool-9-thread-1] DEBUG tourGuide.tracker.Tracker - Begin Tracker. Tracking 0 users.
13:20:36.577 [Test worker] INFO tourGuide.service.TourGuideService - Get user object of the username : jon
13:20:36.577 [pool-9-thread-1] DEBUG tourGuide.tracker.Tracker - Tracker Time Elapsed: 0 seconds.
13:20:36.577 [pool-9-thread-1] DEBUG tourGuide.tracker.Tracker - Tracker sleeping
13:20:36.577 [Test worker] INFO tourGuide.service.TourGuideService - TestMode enabled
13:20:36.578 [Test worker] DEBUG tourGuide.service.TourGuideService - Initializing users
13:20:36.578 [Test worker] DEBUG tourGuide.service.TourGuideService - Created 0 internal test users.
13:20:36.578 [Test worker] DEBUG tourGuide.service.TourGuideService - Finished initializing users
13:20:36.578 [Test worker] INFO tourGuide.service.TourGuideService - Add a new user : jon
13:20:36.578 [pool-12-thread-1] INFO tourGuide.service.TourGuideService - Get list of all users
13:20:36.578 [Test worker] INFO tourGuide.service.TourGuideService - Get user object of the username : jon
13:20:36.578 [pool-12-thread-1] DEBUG tourGuide.tracker.Tracker - Begin Tracker. Tracking 1 users.
13:20:36.579 [Test worker] INFO tourGuide.service.TourGuideService - TestMode enabled
13:20:36.579 [pool-12-thread-1] DEBUG tourGuide.tracker.Tracker - Tracker Time Elapsed: 0 seconds.
13:20:36.579 [pool-12-thread-1] DEBUG tourGuide.tracker.Tracker - Tracker sleeping
13:20:36.579 [Test worker] DEBUG tourGuide.service.TourGuideService - Initializing users
13:20:36.579 [Test worker] DEBUG tourGuide.service.TourGuideService - Created 0 internal test users.
13:20:36.579 [Test worker] DEBUG tourGuide.service.TourGuideService - Finished initializing users
13:20:36.579 [pool-15-thread-1] INFO tourGuide.service.TourGuideService - Get list of all users
13:20:36.579 [pool-15-thread-1] DEBUG tourGuide.tracker.Tracker - Begin Tracker. Tracking 0 users.
13:20:36.579 [Test worker] INFO tourGuide.service.TourGuideService - Add a new user : jon
13:20:36.579 [pool-15-thread-1] DEBUG tourGuide.tracker.Tracker - Tracker Time Elapsed: 0 seconds.
13:20:36.580 [Test worker] INFO tourGuide.service.TourGuideService - Add a new user : jon2
13:20:36.580 [pool-15-thread-1] DEBUG tourGuide.tracker.Tracker - Tracker sleeping
13:20:36.580 [Test worker] INFO tourGuide.service.TourGuideService - Get user object of the username : jon
13:20:36.580 [Test worker] INFO tourGuide.service.TourGuideService - Get user object of the username : jon2
13:20:36.580 [Test worker] INFO tourGuide.service.TourGuideService - TestMode enabled
13:20:36.580 [Test worker] DEBUG tourGuide.service.TourGuideService - Initializing users
13:20:36.580 [Test worker] DEBUG tourGuide.service.TourGuideService - Created 0 internal test users.
13:20:36.580 [Test worker] DEBUG tourGuide.service.TourGuideService - Finished initializing users
13:20:36.581 [Test worker] INFO tourGuide.service.TourGuideService - Add a new user : jon
13:20:36.581 [Test worker] INFO tourGuide.service.TourGuideService - Add a new user : jon2
13:20:36.581 [pool-18-thread-1] INFO tourGuide.service.TourGuideService - Get list of all users
13:20:36.581 [Test worker] INFO tourGuide.service.TourGuideService - Get list of all users
13:20:36.581 [pool-18-thread-1] DEBUG tourGuide.tracker.Tracker - Begin Tracker. Tracking 2 users.
13:20:36.582 [Test worker] INFO tourGuide.service.TourGuideService - TestMode enabled
13:20:36.582 [Test worker] DEBUG tourGuide.service.TourGuideService - Initializing users
13:20:36.582 [Test worker] DEBUG tourGuide.service.TourGuideService - Created 0 internal test users.
13:20:36.582 [Test worker] DEBUG tourGuide.service.TourGuideService - Finished initializing users
13:20:36.582 [Test worker] INFO tourGuide.service.TourGuideService - Get last visited location of the user : jon
13:20:36.582 [pool-18-thread-1] DEBUG tourGuide.tracker.Tracker - Tracker Time Elapsed: 0 seconds.
13:20:36.582 [pool-21-thread-1] INFO tourGuide.service.TourGuideService - Get list of all users
13:20:36.582 [pool-18-thread-1] DEBUG tourGuide.tracker.Tracker - Tracker sleeping
13:20:36.582 [pool-21-thread-1] DEBUG tourGuide.tracker.Tracker - Begin Tracker. Tracking 0 users.
13:20:36.582 [pool-21-thread-1] DEBUG tourGuide.tracker.Tracker - Tracker Time Elapsed: 0 seconds.
13:20:36.582 [pool-21-thread-1] DEBUG tourGuide.tracker.Tracker - Tracker sleeping
2330.638304678648:McKinley Tower
4146.9002696214175:Jackson Hole
4616.813269710444:Mojave National Preserve
4658.214760098582:Disneyland
4664.591919975096:Franklin Park Zoo
13:20:45.163 [Test worker] INFO tourGuide.service.TourGuideService - TestMode enabled
13:20:45.163 [Test worker] DEBUG tourGuide.service.TourGuideService - Initializing users
13:20:45.164 [Test worker] DEBUG tourGuide.service.TourGuideService - Created 0 internal test users.
13:20:45.164 [Test worker] DEBUG tourGuide.service.TourGuideService - Finished initializing users
13:20:45.165 [pool-24-thread-1] INFO tourGuide.service.TourGuideService - Get list of all users
13:20:45.165 [pool-24-thread-1] DEBUG tourGuide.tracker.Tracker - Begin Tracker. Tracking 0 users.
13:20:45.165 [Test worker] INFO tourGuide.service.TourGuideService - Add a new user : jon
13:20:45.165 [pool-24-thread-1] DEBUG tourGuide.tracker.Tracker - Tracker Time Elapsed: 0 seconds.
13:20:45.165 [Test worker] INFO tourGuide.service.TourGuideService - Add a new user : jon2
13:20:45.165 [Test worker] INFO tourGuide.service.TourGuideService - Get list of all users
13:20:45.165 [pool-24-thread-1] DEBUG tourGuide.tracker.Tracker - Tracker sleeping
13:20:45.165 [Test worker] INFO tourGuide.service.TourGuideService - Get a list of every user's most recent location
13:20:45.165 [Test worker] INFO tourGuide.service.TourGuideService - Get list of all users
13:20:45.165 [Test worker] INFO tourGuide.service.TourGuideService - Get last visited location of the user : jon
13:20:45.260 [Test worker] INFO tourGuide.service.TourGuideService - Get last visited location of the user : jon2
13:20:50.295 [Test worker] INFO tourGuide.service.TourGuideService - TestMode enabled
13:20:50.295 [Test worker] DEBUG tourGuide.service.TourGuideService - Initializing users
13:20:50.296 [Test worker] DEBUG tourGuide.service.TourGuideService - Created 0 internal test users.
13:20:50.296 [Test worker] DEBUG tourGuide.service.TourGuideService - Finished initializing users
13:20:50.297 [pool-27-thread-1] INFO tourGuide.service.TourGuideService - Get list of all users
13:20:50.297 [Test worker] INFO tourGuide.service.TourGuideService - Add a new user : jon
13:20:50.297 [pool-27-thread-1] DEBUG tourGuide.tracker.Tracker - Begin Tracker. Tracking 0 users.
13:20:50.297 [Test worker] ERROR tourGuide.service.TourGuideService - The userName : toto, does not exist !
13:20:50.297 [pool-27-thread-1] DEBUG tourGuide.tracker.Tracker - Tracker Time Elapsed: 0 seconds.
13:20:50.297 [pool-27-thread-1] DEBUG tourGuide.tracker.Tracker - Tracker sleeping
13:20:50.297 [Test worker] INFO tourGuide.service.TourGuideService - TestMode enabled
13:20:50.297 [Test worker] DEBUG tourGuide.service.TourGuideService - Initializing users
13:20:50.297 [Test worker] DEBUG tourGuide.service.TourGuideService - Created 0 internal test users.
13:20:50.298 [Test worker] DEBUG tourGuide.service.TourGuideService - Finished initializing users
13:20:50.298 [pool-30-thread-1] INFO tourGuide.service.TourGuideService - Get list of all users
13:20:50.298 [pool-30-thread-1] DEBUG tourGuide.tracker.Tracker - Begin Tracker. Tracking 0 users.
13:20:50.298 [pool-30-thread-1] DEBUG tourGuide.tracker.Tracker - Tracker Time Elapsed: 0 seconds.
13:20:50.298 [pool-30-thread-1] DEBUG tourGuide.tracker.Tracker - Tracker sleeping
13:20:55.313 [Test worker] INFO tourGuide.service.TourGuideService - TestMode enabled
13:20:55.313 [Test worker] DEBUG tourGuide.service.TourGuideService - Initializing users
13:20:55.313 [Test worker] DEBUG tourGuide.service.TourGuideService - Created 0 internal test users.
13:20:55.313 [Test worker] DEBUG tourGuide.service.TourGuideService - Finished initializing users
13:20:55.313 [pool-33-thread-1] INFO tourGuide.service.TourGuideService - Get list of all users
13:20:55.313 [Test worker] INFO tourGuide.service.TourGuideService - Add a new user : jon
13:20:55.313 [pool-33-thread-1] DEBUG tourGuide.tracker.Tracker - Begin Tracker. Tracking 0 users.
13:20:55.313 [Test worker] INFO tourGuide.service.TourGuideService - Get user object of the username : jon
13:20:55.313 [pool-33-thread-1] DEBUG tourGuide.tracker.Tracker - Tracker Time Elapsed: 0 seconds.
13:20:55.314 [pool-33-thread-1] DEBUG tourGuide.tracker.Tracker - Tracker sleeping
13:20:55.314 [Test worker] INFO tourGuide.service.TourGuideService - TestMode enabled
13:20:55.314 [Test worker] DEBUG tourGuide.service.TourGuideService - Initializing users
13:20:55.314 [Test worker] DEBUG tourGuide.service.TourGuideService - Created 0 internal test users.
13:20:55.314 [Test worker] DEBUG tourGuide.service.TourGuideService - Finished initializing users
13:20:55.317 [Test worker] ERROR tourGuide.service.TourGuideService - The userName : toto, does not exist !
13:20:55.317 [pool-36-thread-1] INFO tourGuide.service.TourGuideService - Get list of all users
13:20:55.317 [pool-36-thread-1] DEBUG tourGuide.tracker.Tracker - Begin Tracker. Tracking 0 users.
13:20:55.317 [pool-36-thread-1] DEBUG tourGuide.tracker.Tracker - Tracker Time Elapsed: 0 seconds.
13:20:55.318 [Test worker] INFO tourGuide.service.TourGuideService - TestMode enabled
13:20:55.318 [pool-36-thread-1] DEBUG tourGuide.tracker.Tracker - Tracker sleeping
13:20:55.318 [Test worker] DEBUG tourGuide.service.TourGuideService - Initializing users
13:20:55.318 [Test worker] DEBUG tourGuide.service.TourGuideService - Created 0 internal test users.
13:20:55.318 [Test worker] DEBUG tourGuide.service.TourGuideService - Finished initializing users
13:20:55.319 [Test worker] INFO tourGuide.service.TourGuideService - Get trip deals of the user : jon
13:20:55.319 [pool-39-thread-1] INFO tourGuide.service.TourGuideService - Get list of all users
13:20:55.319 [pool-39-thread-1] DEBUG tourGuide.tracker.Tracker - Begin Tracker. Tracking 0 users.
13:20:55.319 [pool-39-thread-1] DEBUG tourGuide.tracker.Tracker - Tracker Time Elapsed: 0 seconds.
13:20:55.319 [pool-39-thread-1] DEBUG tourGuide.tracker.Tracker - Tracker sleeping
13:20:55.345 [Test worker] INFO tourGuide.service.TourGuideService - TestMode enabled
13:20:55.345 [Test worker] DEBUG tourGuide.service.TourGuideService - Initializing users
13:20:55.345 [Test worker] DEBUG tourGuide.service.TourGuideService - Created 0 internal test users.
13:20:55.345 [Test worker] DEBUG tourGuide.service.TourGuideService - Finished initializing users
13:20:55.346 [Test worker] INFO tourGuide.service.TourGuideService - Add a new user : jon
13:20:55.346 [pool-42-thread-1] INFO tourGuide.service.TourGuideService - Get list of all users
13:20:55.346 [Test worker] INFO tourGuide.service.TourGuideService - Get user object of the username : jon
13:20:55.346 [pool-42-thread-1] DEBUG tourGuide.tracker.Tracker - Begin Tracker. Tracking 1 users.
13:20:55.347 [Test worker] INFO tourGuide.service.TourGuideService - TestMode enabled
13:20:55.347 [pool-42-thread-1] DEBUG tourGuide.tracker.Tracker - Tracker Time Elapsed: 0 seconds.
13:20:55.347 [Test worker] DEBUG tourGuide.service.TourGuideService - Initializing users
13:20:55.347 [pool-42-thread-1] DEBUG tourGuide.tracker.Tracker - Tracker sleeping
13:20:55.347 [Test worker] DEBUG tourGuide.service.TourGuideService - Created 0 internal test users.
13:20:55.347 [Test worker] DEBUG tourGuide.service.TourGuideService - Finished initializing users
13:20:55.347 [Test worker] INFO tourGuide.service.TourGuideService - Get last visited location of the user : jon
13:20:55.349 [pool-45-thread-1] INFO tourGuide.service.TourGuideService - Get list of all users
13:20:55.349 [pool-45-thread-1] DEBUG tourGuide.tracker.Tracker - Begin Tracker. Tracking 0 users.
13:20:55.349 [pool-45-thread-1] DEBUG tourGuide.tracker.Tracker - Tracker Time Elapsed: 0 seconds.
13:20:55.349 [pool-45-thread-1] DEBUG tourGuide.tracker.Tracker - Tracker sleeping
]]></system-out>
  <system-err><![CDATA[Jun 14, 2022 1:20:21 PM org.javamoney.moneta.DefaultMonetaryContextFactory createMonetaryContextNonNullConfig
INFO: Using custom MathContext: precision=256, roundingMode=HALF_EVEN
java.lang.instrument.IllegalClassFormatException: Error while instrumenting sun/util/resources/provider/NonBaseLocaleDataMetaInfo.
	at org.jacoco.agent.rt.internal_035b120.CoverageTransformer.transform(CoverageTransformer.java:93)
	at java.instrument/java.lang.instrument.ClassFileTransformer.transform(ClassFileTransformer.java:246)
	at java.instrument/sun.instrument.TransformerManager.transform(TransformerManager.java:188)
	at java.instrument/sun.instrument.InstrumentationImpl.transform(InstrumentationImpl.java:563)
	at java.base/java.lang.ClassLoader.defineClass1(Native Method)
	at java.base/java.lang.ClassLoader.defineClass(ClassLoader.java:1016)
	at java.base/java.lang.ClassLoader.defineClass(ClassLoader.java:1095)
	at java.base/java.security.SecureClassLoader.defineClass(SecureClassLoader.java:183)
	at java.base/jdk.internal.loader.BuiltinClassLoader.defineClass(BuiltinClassLoader.java:784)
	at java.base/jdk.internal.loader.BuiltinClassLoader.findClassInModuleOrNull(BuiltinClassLoader.java:705)
	at java.base/jdk.internal.loader.BuiltinClassLoader.findClass(BuiltinClassLoader.java:586)
	at java.base/java.lang.ClassLoader.loadClass(ClassLoader.java:634)
	at java.base/java.lang.Class.forName(Class.java:546)
	at java.base/java.util.ServiceLoader.loadProvider(ServiceLoader.java:854)
	at java.base/java.util.ServiceLoader$ModuleServicesLookupIterator.hasNext(ServiceLoader.java:1078)
	at java.base/java.util.ServiceLoader$2.hasNext(ServiceLoader.java:1301)
	at java.base/java.util.ServiceLoader$3.hasNext(ServiceLoader.java:1386)
	at java.base/sun.util.locale.provider.JRELocaleProviderAdapter.lambda$createSupportedLocaleString$13(JRELocaleProviderAdapter.java:465)
	at java.base/java.security.AccessController.doPrivileged(AccessController.java:554)
	at java.base/sun.util.locale.provider.JRELocaleProviderAdapter.createSupportedLocaleString(JRELocaleProviderAdapter.java:462)
	at java.base/sun.util.locale.provider.JRELocaleProviderAdapter.createLanguageTagSet(JRELocaleProviderAdapter.java:443)
	at java.base/sun.util.locale.provider.JRELocaleProviderAdapter.getLanguageTagSet(JRELocaleProviderAdapter.java:433)
	at java.base/sun.util.locale.provider.JRELocaleProviderAdapter.lambda$getTimeZoneNameProvider$8(JRELocaleProviderAdapter.java:296)
	at java.base/java.security.AccessController.doPrivileged(AccessController.java:312)
	at java.base/sun.util.locale.provider.JRELocaleProviderAdapter.getTimeZoneNameProvider(JRELocaleProviderAdapter.java:292)
	at java.base/sun.util.locale.provider.JRELocaleProviderAdapter.getLocaleServiceProvider(JRELocaleProviderAdapter.java:109)
	at java.base/sun.util.locale.provider.LocaleServiceProviderPool.findProviders(LocaleServiceProviderPool.java:304)
	at java.base/sun.util.locale.provider.LocaleServiceProviderPool.getLocalizedObjectImpl(LocaleServiceProviderPool.java:274)
	at java.base/sun.util.locale.provider.LocaleServiceProviderPool.getLocalizedObject(LocaleServiceProviderPool.java:236)
	at java.base/sun.util.locale.provider.TimeZoneNameUtility.retrieveDisplayNamesImpl(TimeZoneNameUtility.java:197)
	at java.base/sun.util.locale.provider.TimeZoneNameUtility.retrieveDisplayName(TimeZoneNameUtility.java:150)
	at java.base/java.util.TimeZone.getDisplayName(TimeZone.java:402)
	at java.base/java.util.Date.toString(Date.java:1047)
	at java.base/java.util.Properties.store0(Properties.java:926)
	at java.base/java.util.Properties.store(Properties.java:915)
	at java.base/jdk.internal.vm.VMSupport.serializePropertiesToByteArray(VMSupport.java:70)
	at java.base/jdk.internal.vm.VMSupport.serializePropertiesToByteArray(VMSupport.java:75)
Caused by: java.io.IOException: Error while instrumenting sun/util/resources/provider/NonBaseLocaleDataMetaInfo.
	at org.jacoco.agent.rt.internal_035b120.core.instr.Instrumenter.instrumentError(Instrumenter.java:158)
	at org.jacoco.agent.rt.internal_035b120.core.instr.Instrumenter.instrument(Instrumenter.java:108)
	at org.jacoco.agent.rt.internal_035b120.CoverageTransformer.transform(CoverageTransformer.java:91)
	... 36 more
Caused by: java.lang.IllegalArgumentException: Unsupported class file major version 59
	at org.jacoco.agent.rt.internal_035b120.asm.ClassReader.<init>(ClassReader.java:195)
	at org.jacoco.agent.rt.internal_035b120.asm.ClassReader.<init>(ClassReader.java:176)
	at org.jacoco.agent.rt.internal_035b120.asm.ClassReader.<init>(ClassReader.java:162)
	at org.jacoco.agent.rt.internal_035b120.core.internal.instr.InstrSupport.classReaderFor(InstrSupport.java:279)
	at org.jacoco.agent.rt.internal_035b120.core.instr.Instrumenter.instrument(Instrumenter.java:74)
	at org.jacoco.agent.rt.internal_035b120.core.instr.Instrumenter.instrument(Instrumenter.java:106)
	... 37 more
]]></system-err>
</testsuite>
