<?xml version="1.0" encoding="UTF-8"?>
<testsuite name="tourGuide.TestTourGuideService" tests="15" skipped="0" failures="0" errors="0" timestamp="2022-05-30T13:54:49" hostname="DESKTOP-AR04L1G" time="27.942">
  <properties/>
  <testcase name="updateUserTest_whenNumberOfAdultsNull_shouldReturnUserNameNotFoundException" classname="tourGuide.TestTourGuideService" time="0.186"/>
  <testcase name="getUserRewardsTest" classname="tourGuide.TestTourGuideService" time="15.03"/>
  <testcase name="updateUserTest_whenTicketQuantityNull_shouldReturnUserNameNotFoundException" classname="tourGuide.TestTourGuideService" time="0.001"/>
  <testcase name="updateUserTest_whenTripDurationNull_shouldReturnUserNameNotFoundException" classname="tourGuide.TestTourGuideService" time="0.001"/>
  <testcase name="addUserTest" classname="tourGuide.TestTourGuideService" time="0.001"/>
  <testcase name="getAllUsersTest" classname="tourGuide.TestTourGuideService" time="0.001"/>
  <testcase name="getNearByAttractionsTest" classname="tourGuide.TestTourGuideService" time="2.444"/>
  <testcase name="getAllCurrentLocationsTest" classname="tourGuide.TestTourGuideService" time="0.196"/>
  <testcase name="updateUserTest_whenUserDoesNotExist_shouldReturnUserNameNotFoundException" classname="tourGuide.TestTourGuideService" time="0.002"/>
  <testcase name="trackUserLocationTest" classname="tourGuide.TestTourGuideService" time="5.002"/>
  <testcase name="updateUserTest" classname="tourGuide.TestTourGuideService" time="0.001"/>
  <testcase name="getUserTest_WhenUserDoesNotExist_ShouldRerurnUserNameNotFoundException" classname="tourGuide.TestTourGuideService" time="0.001"/>
  <testcase name="getTripDealsTest" classname="tourGuide.TestTourGuideService" time="0.022"/>
  <testcase name="getUserTest" classname="tourGuide.TestTourGuideService" time="0.002"/>
  <testcase name="getUserLocationTest" classname="tourGuide.TestTourGuideService" time="5.049"/>
  <system-out><![CDATA[15:54:49.183 [Test worker] INFO tourGuide.service.TourGuideService - TestMode enabled
15:54:49.184 [Test worker] DEBUG tourGuide.service.TourGuideService - Initializing users
15:54:49.185 [Test worker] DEBUG tourGuide.service.TourGuideService - Created 0 internal test users.
15:54:49.185 [Test worker] DEBUG tourGuide.service.TourGuideService - Finished initializing users
15:54:49.185 [Test worker] INFO tourGuide.service.TourGuideService - Add a new user : jon
15:54:49.185 [Test worker] INFO tourGuide.service.TourGuideService - Get user object of the username : jon
15:54:49.192 [pool-18-thread-1] INFO tourGuide.service.TourGuideService - Get list of all users
15:54:49.192 [pool-18-thread-1] DEBUG tourGuide.tracker.Tracker - Begin Tracker. Tracking 1 users.
15:54:49.192 [pool-18-thread-1] DEBUG tourGuide.tracker.Tracker - Tracker Time Elapsed: 0 seconds.
15:54:49.193 [pool-18-thread-1] DEBUG tourGuide.tracker.Tracker - Tracker sleeping
15:54:49.369 [Test worker] INFO tourGuide.service.TourGuideService - TestMode enabled
15:54:49.369 [Test worker] DEBUG tourGuide.service.TourGuideService - Initializing users
15:54:49.369 [Test worker] DEBUG tourGuide.service.TourGuideService - Created 0 internal test users.
15:54:49.369 [Test worker] DEBUG tourGuide.service.TourGuideService - Finished initializing users
15:54:49.369 [pool-21-thread-1] INFO tourGuide.service.TourGuideService - Get list of all users
15:54:49.370 [pool-21-thread-1] DEBUG tourGuide.tracker.Tracker - Begin Tracker. Tracking 0 users.
15:54:49.370 [pool-21-thread-1] DEBUG tourGuide.tracker.Tracker - Tracker Time Elapsed: 0 seconds.
15:54:49.370 [pool-21-thread-1] DEBUG tourGuide.tracker.Tracker - Tracker sleeping
15:55:04.399 [Test worker] INFO tourGuide.service.TourGuideService - TestMode enabled
15:55:04.399 [Test worker] DEBUG tourGuide.service.TourGuideService - Initializing users
15:55:04.399 [Test worker] DEBUG tourGuide.service.TourGuideService - Created 0 internal test users.
15:55:04.399 [Test worker] DEBUG tourGuide.service.TourGuideService - Finished initializing users
15:55:04.400 [Test worker] INFO tourGuide.service.TourGuideService - Add a new user : jon
15:55:04.400 [pool-24-thread-1] INFO tourGuide.service.TourGuideService - Get list of all users
15:55:04.400 [Test worker] INFO tourGuide.service.TourGuideService - Get user object of the username : jon
15:55:04.400 [pool-24-thread-1] DEBUG tourGuide.tracker.Tracker - Begin Tracker. Tracking 1 users.
15:55:04.400 [pool-24-thread-1] DEBUG tourGuide.tracker.Tracker - Tracker Time Elapsed: 0 seconds.
15:55:04.400 [pool-24-thread-1] DEBUG tourGuide.tracker.Tracker - Tracker sleeping
15:55:04.400 [Test worker] INFO tourGuide.service.TourGuideService - TestMode enabled
15:55:04.401 [Test worker] DEBUG tourGuide.service.TourGuideService - Initializing users
15:55:04.401 [Test worker] DEBUG tourGuide.service.TourGuideService - Created 0 internal test users.
15:55:04.401 [Test worker] DEBUG tourGuide.service.TourGuideService - Finished initializing users
15:55:04.401 [Test worker] INFO tourGuide.service.TourGuideService - Add a new user : jon
15:55:04.401 [pool-27-thread-1] INFO tourGuide.service.TourGuideService - Get list of all users
15:55:04.401 [pool-27-thread-1] DEBUG tourGuide.tracker.Tracker - Begin Tracker. Tracking 1 users.
15:55:04.401 [Test worker] INFO tourGuide.service.TourGuideService - Get user object of the username : jon
15:55:04.402 [pool-27-thread-1] DEBUG tourGuide.tracker.Tracker - Tracker Time Elapsed: 0 seconds.
15:55:04.402 [Test worker] INFO tourGuide.service.TourGuideService - TestMode enabled
15:55:04.402 [Test worker] DEBUG tourGuide.service.TourGuideService - Initializing users
15:55:04.402 [Test worker] DEBUG tourGuide.service.TourGuideService - Created 0 internal test users.
15:55:04.402 [Test worker] DEBUG tourGuide.service.TourGuideService - Finished initializing users
15:55:04.402 [pool-27-thread-1] DEBUG tourGuide.tracker.Tracker - Tracker sleeping
15:55:04.402 [Test worker] INFO tourGuide.service.TourGuideService - Add a new user : jon
15:55:04.402 [Test worker] INFO tourGuide.service.TourGuideService - Add a new user : jon2
15:55:04.402 [Test worker] INFO tourGuide.service.TourGuideService - Get user object of the username : jon
15:55:04.402 [Test worker] INFO tourGuide.service.TourGuideService - Get user object of the username : jon2
15:55:04.402 [pool-30-thread-1] INFO tourGuide.service.TourGuideService - Get list of all users
15:55:04.403 [pool-30-thread-1] DEBUG tourGuide.tracker.Tracker - Begin Tracker. Tracking 2 users.
15:55:04.403 [Test worker] INFO tourGuide.service.TourGuideService - TestMode enabled
15:55:04.403 [Test worker] DEBUG tourGuide.service.TourGuideService - Initializing users
15:55:04.403 [Test worker] DEBUG tourGuide.service.TourGuideService - Created 0 internal test users.
15:55:04.403 [Test worker] DEBUG tourGuide.service.TourGuideService - Finished initializing users
15:55:04.403 [pool-30-thread-1] DEBUG tourGuide.tracker.Tracker - Tracker Time Elapsed: 0 seconds.
15:55:04.403 [pool-30-thread-1] DEBUG tourGuide.tracker.Tracker - Tracker sleeping
15:55:04.403 [Test worker] INFO tourGuide.service.TourGuideService - Add a new user : jon
15:55:04.403 [Test worker] INFO tourGuide.service.TourGuideService - Add a new user : jon2
15:55:04.403 [Test worker] INFO tourGuide.service.TourGuideService - Get list of all users
15:55:04.403 [Test worker] INFO tourGuide.service.TourGuideService - TestMode enabled
15:55:04.403 [Test worker] DEBUG tourGuide.service.TourGuideService - Initializing users
15:55:04.403 [Test worker] DEBUG tourGuide.service.TourGuideService - Created 0 internal test users.
15:55:04.403 [Test worker] DEBUG tourGuide.service.TourGuideService - Finished initializing users
15:55:04.404 [Test worker] INFO tourGuide.service.TourGuideService - Get last visited location of the user : jon
15:55:04.405 [pool-36-thread-1] INFO tourGuide.service.TourGuideService - Get list of all users
15:55:04.405 [pool-33-thread-1] DEBUG tourGuide.tracker.Tracker - Tracker stopping
15:55:04.405 [pool-36-thread-1] DEBUG tourGuide.tracker.Tracker - Begin Tracker. Tracking 0 users.
15:55:04.405 [pool-36-thread-1] DEBUG tourGuide.tracker.Tracker - Tracker Time Elapsed: 0 seconds.
15:55:04.405 [pool-36-thread-1] DEBUG tourGuide.tracker.Tracker - Tracker sleeping
7603.590258671724:Franklin Park Zoo
7746.267495939155:Bronx Zoo
7752.363420906808:Flatiron Building
7913.543418702568:Union Station
8042.18660739431:Fallingwater
15:55:06.848 [Test worker] INFO tourGuide.service.TourGuideService - TestMode enabled
15:55:06.849 [Test worker] DEBUG tourGuide.service.TourGuideService - Initializing users
15:55:06.849 [Test worker] DEBUG tourGuide.service.TourGuideService - Created 0 internal test users.
15:55:06.849 [Test worker] DEBUG tourGuide.service.TourGuideService - Finished initializing users
15:55:06.850 [pool-39-thread-1] INFO tourGuide.service.TourGuideService - Get list of all users
15:55:06.850 [Test worker] INFO tourGuide.service.TourGuideService - Add a new user : jon
15:55:06.850 [pool-39-thread-1] DEBUG tourGuide.tracker.Tracker - Begin Tracker. Tracking 0 users.
15:55:06.850 [Test worker] INFO tourGuide.service.TourGuideService - Add a new user : jon2
15:55:06.850 [pool-39-thread-1] DEBUG tourGuide.tracker.Tracker - Tracker Time Elapsed: 0 seconds.
15:55:06.850 [Test worker] INFO tourGuide.service.TourGuideService - Get list of all users
15:55:06.850 [pool-39-thread-1] DEBUG tourGuide.tracker.Tracker - Tracker sleeping
15:55:06.850 [Test worker] INFO tourGuide.service.TourGuideService - Get a list of every user's most recent location
15:55:06.851 [Test worker] INFO tourGuide.service.TourGuideService - Get list of all users
15:55:06.851 [Test worker] INFO tourGuide.service.TourGuideService - Get last visited location of the user : jon
15:55:06.948 [Test worker] INFO tourGuide.service.TourGuideService - Get last visited location of the user : jon2
15:55:07.045 [Test worker] INFO tourGuide.service.TourGuideService - TestMode enabled
15:55:07.045 [Test worker] DEBUG tourGuide.service.TourGuideService - Initializing users
15:55:07.045 [Test worker] DEBUG tourGuide.service.TourGuideService - Created 0 internal test users.
15:55:07.045 [Test worker] DEBUG tourGuide.service.TourGuideService - Finished initializing users
15:55:07.046 [Test worker] INFO tourGuide.service.TourGuideService - Add a new user : jon
15:55:07.046 [pool-42-thread-1] INFO tourGuide.service.TourGuideService - Get list of all users
15:55:07.046 [Test worker] ERROR tourGuide.service.TourGuideService - The userName : toto, does not exist !
15:55:07.046 [pool-42-thread-1] DEBUG tourGuide.tracker.Tracker - Begin Tracker. Tracking 1 users.
15:55:07.046 [pool-42-thread-1] DEBUG tourGuide.tracker.Tracker - Tracker Time Elapsed: 0 seconds.
15:55:07.046 [pool-42-thread-1] DEBUG tourGuide.tracker.Tracker - Tracker sleeping
15:55:07.047 [Test worker] INFO tourGuide.service.TourGuideService - TestMode enabled
15:55:07.048 [Test worker] DEBUG tourGuide.service.TourGuideService - Initializing users
15:55:07.048 [Test worker] DEBUG tourGuide.service.TourGuideService - Created 0 internal test users.
15:55:07.048 [Test worker] DEBUG tourGuide.service.TourGuideService - Finished initializing users
15:55:07.048 [pool-45-thread-1] INFO tourGuide.service.TourGuideService - Get list of all users
15:55:07.048 [pool-45-thread-1] DEBUG tourGuide.tracker.Tracker - Begin Tracker. Tracking 0 users.
15:55:07.048 [pool-45-thread-1] DEBUG tourGuide.tracker.Tracker - Tracker Time Elapsed: 0 seconds.
15:55:07.048 [pool-45-thread-1] DEBUG tourGuide.tracker.Tracker - Tracker sleeping
15:55:12.049 [Test worker] INFO tourGuide.service.TourGuideService - TestMode enabled
15:55:12.049 [Test worker] DEBUG tourGuide.service.TourGuideService - Initializing users
15:55:12.049 [Test worker] DEBUG tourGuide.service.TourGuideService - Created 0 internal test users.
15:55:12.049 [Test worker] DEBUG tourGuide.service.TourGuideService - Finished initializing users
15:55:12.050 [Test worker] INFO tourGuide.service.TourGuideService - Add a new user : jon
15:55:12.050 [pool-48-thread-1] INFO tourGuide.service.TourGuideService - Get list of all users
15:55:12.050 [Test worker] INFO tourGuide.service.TourGuideService - Get user object of the username : jon
15:55:12.050 [pool-48-thread-1] DEBUG tourGuide.tracker.Tracker - Begin Tracker. Tracking 1 users.
15:55:12.050 [pool-48-thread-1] DEBUG tourGuide.tracker.Tracker - Tracker Time Elapsed: 0 seconds.
15:55:12.050 [Test worker] INFO tourGuide.service.TourGuideService - TestMode enabled
15:55:12.050 [pool-48-thread-1] DEBUG tourGuide.tracker.Tracker - Tracker sleeping
15:55:12.051 [Test worker] DEBUG tourGuide.service.TourGuideService - Initializing users
15:55:12.051 [Test worker] DEBUG tourGuide.service.TourGuideService - Created 0 internal test users.
15:55:12.051 [Test worker] DEBUG tourGuide.service.TourGuideService - Finished initializing users
15:55:12.051 [Test worker] ERROR tourGuide.service.TourGuideService - The userName : toto, does not exist !
15:55:12.051 [pool-51-thread-1] INFO tourGuide.service.TourGuideService - Get list of all users
15:55:12.051 [pool-51-thread-1] DEBUG tourGuide.tracker.Tracker - Begin Tracker. Tracking 0 users.
15:55:12.051 [pool-51-thread-1] DEBUG tourGuide.tracker.Tracker - Tracker Time Elapsed: 0 seconds.
15:55:12.051 [pool-51-thread-1] DEBUG tourGuide.tracker.Tracker - Tracker sleeping
15:55:12.051 [Test worker] INFO tourGuide.service.TourGuideService - TestMode enabled
15:55:12.051 [Test worker] DEBUG tourGuide.service.TourGuideService - Initializing users
15:55:12.051 [Test worker] DEBUG tourGuide.service.TourGuideService - Created 0 internal test users.
15:55:12.051 [Test worker] DEBUG tourGuide.service.TourGuideService - Finished initializing users
15:55:12.052 [Test worker] INFO tourGuide.service.TourGuideService - Get trip deals of the user : jon
15:55:12.052 [pool-54-thread-1] INFO tourGuide.service.TourGuideService - Get list of all users
15:55:12.052 [pool-54-thread-1] DEBUG tourGuide.tracker.Tracker - Begin Tracker. Tracking 0 users.
15:55:12.052 [pool-54-thread-1] DEBUG tourGuide.tracker.Tracker - Tracker Time Elapsed: 0 seconds.
15:55:12.052 [pool-54-thread-1] DEBUG tourGuide.tracker.Tracker - Tracker sleeping
15:55:12.074 [Test worker] INFO tourGuide.service.TourGuideService - TestMode enabled
15:55:12.074 [Test worker] DEBUG tourGuide.service.TourGuideService - Initializing users
15:55:12.074 [Test worker] DEBUG tourGuide.service.TourGuideService - Created 0 internal test users.
15:55:12.074 [Test worker] DEBUG tourGuide.service.TourGuideService - Finished initializing users
15:55:12.075 [Test worker] INFO tourGuide.service.TourGuideService - Add a new user : jon
15:55:12.075 [Test worker] INFO tourGuide.service.TourGuideService - Get user object of the username : jon
15:55:12.075 [pool-57-thread-1] INFO tourGuide.service.TourGuideService - Get list of all users
15:55:12.075 [pool-57-thread-1] DEBUG tourGuide.tracker.Tracker - Begin Tracker. Tracking 1 users.
15:55:12.075 [Test worker] INFO tourGuide.service.TourGuideService - TestMode enabled
15:55:12.075 [pool-57-thread-1] DEBUG tourGuide.tracker.Tracker - Tracker Time Elapsed: 0 seconds.
15:55:12.075 [pool-57-thread-1] DEBUG tourGuide.tracker.Tracker - Tracker sleeping
15:55:12.075 [Test worker] DEBUG tourGuide.service.TourGuideService - Initializing users
15:55:12.076 [Test worker] DEBUG tourGuide.service.TourGuideService - Created 0 internal test users.
15:55:12.076 [Test worker] DEBUG tourGuide.service.TourGuideService - Finished initializing users
15:55:12.076 [Test worker] INFO tourGuide.service.TourGuideService - Get last visited location of the user : jon
15:55:12.076 [pool-60-thread-1] INFO tourGuide.service.TourGuideService - Get list of all users
15:55:12.076 [pool-60-thread-1] DEBUG tourGuide.tracker.Tracker - Begin Tracker. Tracking 0 users.
15:55:12.076 [pool-60-thread-1] DEBUG tourGuide.tracker.Tracker - Tracker Time Elapsed: 0 seconds.
15:55:12.077 [pool-60-thread-1] DEBUG tourGuide.tracker.Tracker - Tracker sleeping
]]></system-out>
  <system-err><![CDATA[]]></system-err>
</testsuite>
