<?xml version="1.0" encoding="UTF-8"?>
<testsuite name="tourGuide.serviceTest.TestRewardsService" tests="5" skipped="0" failures="0" errors="0" timestamp="2022-06-14T12:42:51" hostname="DESKTOP-AR04L1G" time="17.347">
  <properties/>
  <testcase name="userGetRewardsTest" classname="tourGuide.serviceTest.TestRewardsService" time="5.283"/>
  <testcase name="calculateRewardsTest" classname="tourGuide.serviceTest.TestRewardsService" time="1.018"/>
  <testcase name="getDistanceTest" classname="tourGuide.serviceTest.TestRewardsService" time="0.0"/>
  <testcase name="isWithinAttractionProximityTest" classname="tourGuide.serviceTest.TestRewardsService" time="0.015"/>
  <testcase name="nearAllAttractionsTest" classname="tourGuide.serviceTest.TestRewardsService" time="11.031"/>
  <system-out><![CDATA[14:42:51.674 [Test worker] INFO tourGuide.service.TourGuideService - TestMode enabled
14:42:51.680 [Test worker] DEBUG tourGuide.service.TourGuideService - Initializing users
14:42:51.682 [Test worker] DEBUG tourGuide.service.TourGuideService - Created 0 internal test users.
14:42:51.682 [Test worker] DEBUG tourGuide.service.TourGuideService - Finished initializing users
14:42:51.688 [pool-3-thread-1] INFO tourGuide.service.TourGuideService - Get list of all users
14:42:51.690 [pool-3-thread-1] DEBUG tourGuide.tracker.Tracker - Begin Tracker. Tracking 0 users.
14:42:51.690 [pool-3-thread-1] DEBUG tourGuide.tracker.Tracker - Tracker Time Elapsed: 0 seconds.
14:42:51.692 [pool-3-thread-1] DEBUG tourGuide.tracker.Tracker - Tracker sleeping
14:42:57.844 [Test worker] INFO tourGuide.service.TourGuideService - TestMode enabled
14:42:57.844 [Test worker] DEBUG tourGuide.service.TourGuideService - Initializing users
14:42:57.845 [Test worker] DEBUG tourGuide.service.TourGuideService - Created 1 internal test users.
14:42:57.845 [Test worker] DEBUG tourGuide.service.TourGuideService - Finished initializing users
14:42:57.846 [Test worker] INFO tourGuide.service.TourGuideService - Get list of all users
14:42:57.846 [pool-9-thread-1] INFO tourGuide.service.TourGuideService - Get list of all users
14:42:57.846 [pool-9-thread-1] DEBUG tourGuide.tracker.Tracker - Begin Tracker. Tracking 1 users.
14:42:57.846 [pool-9-thread-1] DEBUG tourGuide.tracker.Tracker - Tracker Time Elapsed: 0 seconds.
14:42:57.846 [pool-9-thread-1] DEBUG tourGuide.tracker.Tracker - Tracker sleeping
14:43:08.856 [Test worker] INFO tourGuide.service.TourGuideService - Get list of all users
]]></system-out>
  <system-err><![CDATA[juin 14, 2022 2:42:51 PM org.javamoney.moneta.DefaultMonetaryContextFactory createMonetaryContextNonNullConfig
INFO: Using custom MathContext: precision=256, roundingMode=HALF_EVEN
java.lang.instrument.IllegalClassFormatException: Error while instrumenting sun/util/resources/provider/NonBaseLocaleDataMetaInfo.
	at org.jacoco.agent.rt.internal_035b120.CoverageTransformer.transform(CoverageTransformer.java:93)
	at java.instrument/java.lang.instrument.ClassFileTransformer.transform(ClassFileTransformer.java:246)
	at java.instrument/sun.instrument.TransformerManager.transform(TransformerManager.java:188)
	at java.instrument/sun.instrument.InstrumentationImpl.transform(InstrumentationImpl.java:563)
	at java.base/java.lang.ClassLoader.defineClass1(Native Method)
	at java.base/java.lang.ClassLoader.defineClass(ClassLoader.java:1016)
	at java.base/java.lang.ClassLoader.defineClass(ClassLoader.java:1095)
	at java.base/java.security.SecureClassLoader.defineClass(SecureClassLoader.java:183)
	at java.base/jdk.internal.loader.BuiltinClassLoader.defineClass(BuiltinClassLoader.java:784)
	at java.base/jdk.internal.loader.BuiltinClassLoader.findClassInModuleOrNull(BuiltinClassLoader.java:705)
	at java.base/jdk.internal.loader.BuiltinClassLoader.findClass(BuiltinClassLoader.java:586)
	at java.base/java.lang.ClassLoader.loadClass(ClassLoader.java:634)
	at java.base/java.lang.Class.forName(Class.java:546)
	at java.base/java.util.ServiceLoader.loadProvider(ServiceLoader.java:854)
	at java.base/java.util.ServiceLoader$ModuleServicesLookupIterator.hasNext(ServiceLoader.java:1078)
	at java.base/java.util.ServiceLoader$2.hasNext(ServiceLoader.java:1301)
	at java.base/java.util.ServiceLoader$3.hasNext(ServiceLoader.java:1386)
	at java.base/sun.util.locale.provider.JRELocaleProviderAdapter.lambda$createSupportedLocaleString$13(JRELocaleProviderAdapter.java:465)
	at java.base/java.security.AccessController.doPrivileged(AccessController.java:554)
	at java.base/sun.util.locale.provider.JRELocaleProviderAdapter.createSupportedLocaleString(JRELocaleProviderAdapter.java:462)
	at java.base/sun.util.locale.provider.JRELocaleProviderAdapter.createLanguageTagSet(JRELocaleProviderAdapter.java:443)
	at java.base/sun.util.locale.provider.JRELocaleProviderAdapter.getLanguageTagSet(JRELocaleProviderAdapter.java:433)
	at java.base/sun.util.locale.provider.JRELocaleProviderAdapter.lambda$getTimeZoneNameProvider$8(JRELocaleProviderAdapter.java:296)
	at java.base/java.security.AccessController.doPrivileged(AccessController.java:312)
	at java.base/sun.util.locale.provider.JRELocaleProviderAdapter.getTimeZoneNameProvider(JRELocaleProviderAdapter.java:292)
	at java.base/sun.util.locale.provider.JRELocaleProviderAdapter.getLocaleServiceProvider(JRELocaleProviderAdapter.java:109)
	at java.base/sun.util.locale.provider.LocaleServiceProviderPool.findProviders(LocaleServiceProviderPool.java:304)
	at java.base/sun.util.locale.provider.LocaleServiceProviderPool.getLocalizedObjectImpl(LocaleServiceProviderPool.java:274)
	at java.base/sun.util.locale.provider.LocaleServiceProviderPool.getLocalizedObject(LocaleServiceProviderPool.java:236)
	at java.base/sun.util.locale.provider.TimeZoneNameUtility.retrieveDisplayNamesImpl(TimeZoneNameUtility.java:197)
	at java.base/sun.util.locale.provider.TimeZoneNameUtility.retrieveDisplayName(TimeZoneNameUtility.java:150)
	at java.base/java.util.TimeZone.getDisplayName(TimeZone.java:402)
	at java.base/java.util.Date.toString(Date.java:1047)
	at java.base/java.util.Properties.store0(Properties.java:926)
	at java.base/java.util.Properties.store(Properties.java:915)
	at java.base/jdk.internal.vm.VMSupport.serializePropertiesToByteArray(VMSupport.java:70)
	at java.base/jdk.internal.vm.VMSupport.serializePropertiesToByteArray(VMSupport.java:75)
Caused by: java.io.IOException: Error while instrumenting sun/util/resources/provider/NonBaseLocaleDataMetaInfo.
	at org.jacoco.agent.rt.internal_035b120.core.instr.Instrumenter.instrumentError(Instrumenter.java:158)
	at org.jacoco.agent.rt.internal_035b120.core.instr.Instrumenter.instrument(Instrumenter.java:108)
	at org.jacoco.agent.rt.internal_035b120.CoverageTransformer.transform(CoverageTransformer.java:91)
	... 36 more
Caused by: java.lang.IllegalArgumentException: Unsupported class file major version 59
	at org.jacoco.agent.rt.internal_035b120.asm.ClassReader.<init>(ClassReader.java:195)
	at org.jacoco.agent.rt.internal_035b120.asm.ClassReader.<init>(ClassReader.java:176)
	at org.jacoco.agent.rt.internal_035b120.asm.ClassReader.<init>(ClassReader.java:162)
	at org.jacoco.agent.rt.internal_035b120.core.internal.instr.InstrSupport.classReaderFor(InstrSupport.java:279)
	at org.jacoco.agent.rt.internal_035b120.core.instr.Instrumenter.instrument(Instrumenter.java:74)
	at org.jacoco.agent.rt.internal_035b120.core.instr.Instrumenter.instrument(Instrumenter.java:106)
	... 37 more
]]></system-err>
</testsuite>
