<?xml version="1.0" encoding="UTF-8"?>
<testsuite name="tourGuide.TestPerformance" tests="2" skipped="0" failures="0" errors="0" timestamp="2022-06-14T12:43:41" hostname="DESKTOP-AR04L1G" time="10.069">
  <properties/>
  <testcase name="highVolumeTrackLocation" classname="tourGuide.TestPerformance" time="5.026"/>
  <testcase name="highVolumeGetRewards" classname="tourGuide.TestPerformance" time="5.043"/>
  <system-out><![CDATA[14:43:41.781 [Test worker] INFO tourGuide.service.TourGuideService - TestMode enabled
14:43:41.781 [Test worker] DEBUG tourGuide.service.TourGuideService - Initializing users
14:43:41.791 [Test worker] DEBUG tourGuide.service.TourGuideService - Created 100 internal test users.
14:43:41.791 [Test worker] DEBUG tourGuide.service.TourGuideService - Finished initializing users
14:43:41.792 [Test worker] INFO tourGuide.service.TourGuideService - Get list of all users
14:43:41.792 [pool-57-thread-1] INFO tourGuide.service.TourGuideService - Get list of all users
14:43:41.792 [pool-57-thread-1] DEBUG tourGuide.tracker.Tracker - Begin Tracker. Tracking 100 users.
14:43:41.806 [pool-57-thread-1] DEBUG tourGuide.tracker.Tracker - Tracker Time Elapsed: 0 seconds.
14:43:41.807 [pool-57-thread-1] DEBUG tourGuide.tracker.Tracker - Tracker sleeping
highVolumeTrackLocation: Time Elapsed: 5 seconds.
14:43:46.807 [Test worker] INFO tourGuide.service.TourGuideService - TestMode enabled
14:43:46.807 [Test worker] DEBUG tourGuide.service.TourGuideService - Initializing users
14:43:46.816 [Test worker] DEBUG tourGuide.service.TourGuideService - Created 100 internal test users.
14:43:46.816 [Test worker] DEBUG tourGuide.service.TourGuideService - Finished initializing users
14:43:46.817 [pool-60-thread-1] INFO tourGuide.service.TourGuideService - Get list of all users
14:43:46.817 [pool-60-thread-1] DEBUG tourGuide.tracker.Tracker - Begin Tracker. Tracking 100 users.
14:43:46.824 [pool-60-thread-1] DEBUG tourGuide.tracker.Tracker - Tracker Time Elapsed: 0 seconds.
14:43:46.824 [pool-60-thread-1] DEBUG tourGuide.tracker.Tracker - Tracker sleeping
14:43:46.839 [Test worker] INFO tourGuide.service.TourGuideService - Get list of all users
highVolumeGetRewards: Time Elapsed: 5 seconds.
]]></system-out>
  <system-err><![CDATA[]]></system-err>
</testsuite>
